<?xml version="1.0" encoding="UTF-8"?>
<!-- Generated by org.testng.reporters.JUnitReportReporter -->
<testsuite hostname="Sathiya" name="LoginPage.LoginRestAPI" tests="1" failures="0" timestamp="25 Apr 2021 12:39:32 GMT" time="3.613" errors="0">
  <testcase name="f" time="3.613" classname="LoginPage.LoginRestAPI"/>
</testsuite> <!-- LoginPage.LoginRestAPI -->
