<?xml version="1.0" encoding="UTF-8"?>
<!-- Generated by org.testng.reporters.JUnitReportReporter -->
<testsuite hostname="Sathiya" name="LoginPage.LoginRestAPI" tests="1" failures="0" timestamp="13 May 2021 15:19:36 GMT" time="5.351" errors="0">
  <testcase name="f" time="5.351" classname="LoginPage.LoginRestAPI"/>
</testsuite> <!-- LoginPage.LoginRestAPI -->
